Vivado Simulator 2019.1
Copyright 1986-1999, 2001-2019 Xilinx, Inc. All Rights Reserved.
Running: D:/xilinx/Vivado/2019.1/bin/unwrapped/win64.o/xelab.exe -wto b3dae5f5f91247c3ad1c2d8184ab2c10 --incr --debug typical --relax --mt 2 -L xil_defaultlib -L unisims_ver -L secureip --snapshot Test_FFT_func_synth xil_defaultlib.Test_FFT xil_defaultlib.glbl -log elaborate.log 
Using 2 slave threads.
Starting static elaboration
Completed static elaboration
Starting simulation data flow analysis
Completed simulation data flow analysis
Time Resolution for simulation is 1ps
Compiling module unisims_ver.LUT5
Compiling module unisims_ver.x_lut2_mux4
Compiling module unisims_ver.LUT2
Compiling module unisims_ver.LUT4
Compiling module unisims_ver.FDCE_default
Compiling module unisims_ver.x_lut3_mux8
Compiling module unisims_ver.LUT3
Compiling module unisims_ver.LUT6
Compiling module unisims_ver.FDRE_default
Compiling module unisims_ver.CARRY4
Compiling module unisims_ver.OBUF
Compiling module unisims_ver.IBUF
Compiling module unisims_ver.BUFG
Compiling module unisims_ver.x_lut1_mux2
Compiling module unisims_ver.LUT1
Compiling module xil_defaultlib.complex_mul_29
Compiling module xil_defaultlib.radix_2_fft
Compiling module xil_defaultlib.complex_mul_28
Compiling module xil_defaultlib.radix_2_fft_0
Compiling module xil_defaultlib.complex_mul_27
Compiling module xil_defaultlib.radix_2_fft_1
Compiling module xil_defaultlib.complex_mul_26
Compiling module xil_defaultlib.radix_2_fft_2
Compiling module xil_defaultlib.complex_mul_25
Compiling module xil_defaultlib.radix_2_fft_3
Compiling module xil_defaultlib.complex_mul_24
Compiling module xil_defaultlib.radix_2_fft_4
Compiling module xil_defaultlib.complex_mul_23
Compiling module xil_defaultlib.radix_2_fft_5
Compiling module xil_defaultlib.complex_mul_22
Compiling module xil_defaultlib.radix_2_fft_6
Compiling module xil_defaultlib.complex_mul_21
Compiling module xil_defaultlib.radix_2_fft_7
Compiling module xil_defaultlib.complex_mul_20
Compiling module xil_defaultlib.radix_2_fft_8
Compiling module xil_defaultlib.complex_mul_19
Compiling module xil_defaultlib.radix_2_fft_9
Compiling module xil_defaultlib.complex_mul_18
Compiling module xil_defaultlib.radix_2_fft_10
Compiling module xil_defaultlib.complex_mul_17
Compiling module xil_defaultlib.radix_2_fft_11
Compiling module xil_defaultlib.complex_mul_16
Compiling module xil_defaultlib.radix_2_fft_12
Compiling module xil_defaultlib.complex_mul_15
Compiling module xil_defaultlib.radix_2_fft_13
Compiling module xil_defaultlib.complex_mul
Compiling module xil_defaultlib.radix_2_fft_14
Compiling module xil_defaultlib.FFT
Compiling module xil_defaultlib.Test_FFT
Compiling module xil_defaultlib.glbl
Built simulation snapshot Test_FFT_func_synth
